2017-12-08 14:48:45 Error: [PDOException] SQLSTATE[HY000] [2002] No such file or directory in /Users/carmen.buta/.bitnami/stackman/machines/xampp/volumes/root/htdocs/Test/vendor/cakephp/cakephp/src/Database/Driver/PDODriverTrait.php on line 48
Stack Trace:
#0 /Users/carmen.buta/.bitnami/stackman/machines/xampp/volumes/root/htdocs/Test/vendor/cakephp/cakephp/src/Database/Driver/PDODriverTrait.php(48): PDO->__construct('mysql:host=loca...', 'root', '', Array)
#1 /Users/carmen.buta/.bitnami/stackman/machines/xampp/volumes/root/htdocs/Test/vendor/cakephp/cakephp/src/Database/Driver/Mysql.php(104): Cake\Database\Driver\Mysql->_connect('mysql:host=loca...', Array)
#2 /Users/carmen.buta/.bitnami/stackman/machines/xampp/volumes/root/htdocs/Test/vendor/cakephp/cakephp/src/Database/Schema/BaseSchema.php(45): Cake\Database\Driver\Mysql->connect()
#3 /Users/carmen.buta/.bitnami/stackman/machines/xampp/volumes/root/htdocs/Test/vendor/cakephp/cakephp/src/Database/Dialect/MysqlDialectTrait.php(63): Cake\Database\Schema\BaseSchema->__construct(Object(Cake\Database\Driver\Mysql))
#4 /Users/carmen.buta/.bitnami/stackman/machines/xampp/volumes/root/htdocs/Test/vendor/cakephp/cakephp/src/Database/Schema/Collection.php(52): Cake\Database\Driver\Mysql->schemaDialect()
#5 /Users/carmen.buta/.bitnami/stackman/machines/xampp/volumes/root/htdocs/Test/vendor/cakephp/cakephp/src/Database/Schema/CachedCollection.php(42): Cake\Database\Schema\Collection->__construct(Object(Cake\Database\Connection))
#6 /Users/carmen.buta/.bitnami/stackman/machines/xampp/volumes/root/htdocs/Test/vendor/cakephp/cakephp/src/Database/Connection.php(369): Cake\Database\Schema\CachedCollection->__construct(Object(Cake\Database\Connection), true)
#7 /Users/carmen.buta/.bitnami/stackman/machines/xampp/volumes/root/htdocs/Test/vendor/cakephp/cakephp/src/Database/Connection.php(388): Cake\Database\Connection->getSchemaCollection()
#8 /Users/carmen.buta/.bitnami/stackman/machines/xampp/volumes/root/htdocs/Test/vendor/cakephp/bake/src/Shell/Task/ModelTask.php(1034): Cake\Database\Connection->schemaCollection()
#9 /Users/carmen.buta/.bitnami/stackman/machines/xampp/volumes/root/htdocs/Test/vendor/cakephp/bake/src/Shell/Task/ModelTask.php(988): Bake\Shell\Task\ModelTask->_getAllTables()
#10 /Users/carmen.buta/.bitnami/stackman/machines/xampp/volumes/root/htdocs/Test/vendor/cakephp/bake/src/Shell/Task/ModelTask.php(212): Bake\Shell\Task\ModelTask->listAll()
#11 /Users/carmen.buta/.bitnami/stackman/machines/xampp/volumes/root/htdocs/Test/vendor/cakephp/bake/src/Shell/Task/ModelTask.php(130): Bake\Shell\Task\ModelTask->getAssociations(Object(Cake\ORM\Table))
#12 /Users/carmen.buta/.bitnami/stackman/machines/xampp/volumes/root/htdocs/Test/vendor/cakephp/bake/src/Shell/Task/ModelTask.php(113): Bake\Shell\Task\ModelTask->getTableContext(Object(Cake\ORM\Table), 'users', 'Users')
#13 /Users/carmen.buta/.bitnami/stackman/machines/xampp/volumes/root/htdocs/Test/vendor/cakephp/bake/src/Shell/Task/ModelTask.php(100): Bake\Shell\Task\ModelTask->bake('Users')
#14 /Users/carmen.buta/.bitnami/stackman/machines/xampp/volumes/root/htdocs/Test/vendor/cakephp/bake/src/Shell/BakeShell.php(264): Bake\Shell\Task\ModelTask->main('Users')
#15 /Users/carmen.buta/.bitnami/stackman/machines/xampp/volumes/root/htdocs/Test/vendor/cakephp/cakephp/src/Collection/CollectionTrait.php(51): Bake\Shell\BakeShell->Bake\Shell\{closure}('Users', 0)
#16 /Users/carmen.buta/.bitnami/stackman/machines/xampp/volumes/root/htdocs/Test/vendor/cakephp/bake/src/Shell/BakeShell.php(265): Cake\Collection\Collection->each(Object(Closure))
#17 /Users/carmen.buta/.bitnami/stackman/machines/xampp/volumes/root/htdocs/Test/vendor/cakephp/cakephp/src/Console/Shell.php(493): Bake\Shell\BakeShell->all('users')
#18 /Users/carmen.buta/.bitnami/stackman/machines/xampp/volumes/root/htdocs/Test/vendor/cakephp/cakephp/src/Console/CommandRunner.php(141): Cake\Console\Shell->runCommand(Array, true)
#19 /Users/carmen.buta/.bitnami/stackman/machines/xampp/volumes/root/htdocs/Test/bin/cake.php(12): Cake\Console\CommandRunner->run(Array)
#20 {main}


2017-12-08 14:50:46 Error: [PDOException] SQLSTATE[HY000] [2002] No such file or directory in /Users/carmen.buta/.bitnami/stackman/machines/xampp/volumes/root/htdocs/Test/vendor/cakephp/cakephp/src/Database/Driver/PDODriverTrait.php on line 48
Stack Trace:
#0 /Users/carmen.buta/.bitnami/stackman/machines/xampp/volumes/root/htdocs/Test/vendor/cakephp/cakephp/src/Database/Driver/PDODriverTrait.php(48): PDO->__construct('mysql:host=loca...', 'root', '', Array)
#1 /Users/carmen.buta/.bitnami/stackman/machines/xampp/volumes/root/htdocs/Test/vendor/cakephp/cakephp/src/Database/Driver/Mysql.php(104): Cake\Database\Driver\Mysql->_connect('mysql:host=loca...', Array)
#2 /Users/carmen.buta/.bitnami/stackman/machines/xampp/volumes/root/htdocs/Test/vendor/cakephp/cakephp/src/Database/Schema/BaseSchema.php(45): Cake\Database\Driver\Mysql->connect()
#3 /Users/carmen.buta/.bitnami/stackman/machines/xampp/volumes/root/htdocs/Test/vendor/cakephp/cakephp/src/Database/Dialect/MysqlDialectTrait.php(63): Cake\Database\Schema\BaseSchema->__construct(Object(Cake\Database\Driver\Mysql))
#4 /Users/carmen.buta/.bitnami/stackman/machines/xampp/volumes/root/htdocs/Test/vendor/cakephp/cakephp/src/Database/Schema/Collection.php(52): Cake\Database\Driver\Mysql->schemaDialect()
#5 /Users/carmen.buta/.bitnami/stackman/machines/xampp/volumes/root/htdocs/Test/vendor/cakephp/cakephp/src/Database/Schema/CachedCollection.php(42): Cake\Database\Schema\Collection->__construct(Object(Cake\Database\Connection))
#6 /Users/carmen.buta/.bitnami/stackman/machines/xampp/volumes/root/htdocs/Test/vendor/cakephp/cakephp/src/Database/Connection.php(369): Cake\Database\Schema\CachedCollection->__construct(Object(Cake\Database\Connection), true)
#7 /Users/carmen.buta/.bitnami/stackman/machines/xampp/volumes/root/htdocs/Test/vendor/cakephp/cakephp/src/Database/Connection.php(388): Cake\Database\Connection->getSchemaCollection()
#8 /Users/carmen.buta/.bitnami/stackman/machines/xampp/volumes/root/htdocs/Test/vendor/cakephp/bake/src/Shell/Task/ModelTask.php(1034): Cake\Database\Connection->schemaCollection()
#9 /Users/carmen.buta/.bitnami/stackman/machines/xampp/volumes/root/htdocs/Test/vendor/cakephp/bake/src/Shell/Task/ModelTask.php(988): Bake\Shell\Task\ModelTask->_getAllTables()
#10 /Users/carmen.buta/.bitnami/stackman/machines/xampp/volumes/root/htdocs/Test/vendor/cakephp/bake/src/Shell/Task/ModelTask.php(212): Bake\Shell\Task\ModelTask->listAll()
#11 /Users/carmen.buta/.bitnami/stackman/machines/xampp/volumes/root/htdocs/Test/vendor/cakephp/bake/src/Shell/Task/ModelTask.php(130): Bake\Shell\Task\ModelTask->getAssociations(Object(Cake\ORM\Table))
#12 /Users/carmen.buta/.bitnami/stackman/machines/xampp/volumes/root/htdocs/Test/vendor/cakephp/bake/src/Shell/Task/ModelTask.php(113): Bake\Shell\Task\ModelTask->getTableContext(Object(Cake\ORM\Table), 'users', 'Users')
#13 /Users/carmen.buta/.bitnami/stackman/machines/xampp/volumes/root/htdocs/Test/vendor/cakephp/bake/src/Shell/Task/ModelTask.php(100): Bake\Shell\Task\ModelTask->bake('Users')
#14 /Users/carmen.buta/.bitnami/stackman/machines/xampp/volumes/root/htdocs/Test/vendor/cakephp/bake/src/Shell/BakeShell.php(264): Bake\Shell\Task\ModelTask->main('Users')
#15 /Users/carmen.buta/.bitnami/stackman/machines/xampp/volumes/root/htdocs/Test/vendor/cakephp/cakephp/src/Collection/CollectionTrait.php(51): Bake\Shell\BakeShell->Bake\Shell\{closure}('Users', 0)
#16 /Users/carmen.buta/.bitnami/stackman/machines/xampp/volumes/root/htdocs/Test/vendor/cakephp/bake/src/Shell/BakeShell.php(265): Cake\Collection\Collection->each(Object(Closure))
#17 /Users/carmen.buta/.bitnami/stackman/machines/xampp/volumes/root/htdocs/Test/vendor/cakephp/cakephp/src/Console/Shell.php(493): Bake\Shell\BakeShell->all('users')
#18 /Users/carmen.buta/.bitnami/stackman/machines/xampp/volumes/root/htdocs/Test/vendor/cakephp/cakephp/src/Console/CommandRunner.php(141): Cake\Console\Shell->runCommand(Array, true)
#19 /Users/carmen.buta/.bitnami/stackman/machines/xampp/volumes/root/htdocs/Test/bin/cake.php(12): Cake\Console\CommandRunner->run(Array)
#20 {main}


2017-12-08 14:51:36 Error: [PDOException] SQLSTATE[HY000] [2002] No such file or directory in /Users/carmen.buta/.bitnami/stackman/machines/xampp/volumes/root/htdocs/Test/vendor/cakephp/cakephp/src/Database/Driver/PDODriverTrait.php on line 48
Stack Trace:
#0 /Users/carmen.buta/.bitnami/stackman/machines/xampp/volumes/root/htdocs/Test/vendor/cakephp/cakephp/src/Database/Driver/PDODriverTrait.php(48): PDO->__construct('mysql:host=loca...', 'root', '', Array)
#1 /Users/carmen.buta/.bitnami/stackman/machines/xampp/volumes/root/htdocs/Test/vendor/cakephp/cakephp/src/Database/Driver/Mysql.php(104): Cake\Database\Driver\Mysql->_connect('mysql:host=loca...', Array)
#2 /Users/carmen.buta/.bitnami/stackman/machines/xampp/volumes/root/htdocs/Test/vendor/cakephp/cakephp/src/Database/Schema/BaseSchema.php(45): Cake\Database\Driver\Mysql->connect()
#3 /Users/carmen.buta/.bitnami/stackman/machines/xampp/volumes/root/htdocs/Test/vendor/cakephp/cakephp/src/Database/Dialect/MysqlDialectTrait.php(63): Cake\Database\Schema\BaseSchema->__construct(Object(Cake\Database\Driver\Mysql))
#4 /Users/carmen.buta/.bitnami/stackman/machines/xampp/volumes/root/htdocs/Test/vendor/cakephp/cakephp/src/Database/Schema/Collection.php(52): Cake\Database\Driver\Mysql->schemaDialect()
#5 /Users/carmen.buta/.bitnami/stackman/machines/xampp/volumes/root/htdocs/Test/vendor/cakephp/cakephp/src/Database/Schema/CachedCollection.php(42): Cake\Database\Schema\Collection->__construct(Object(Cake\Database\Connection))
#6 /Users/carmen.buta/.bitnami/stackman/machines/xampp/volumes/root/htdocs/Test/vendor/cakephp/cakephp/src/Database/Connection.php(369): Cake\Database\Schema\CachedCollection->__construct(Object(Cake\Database\Connection), true)
#7 /Users/carmen.buta/.bitnami/stackman/machines/xampp/volumes/root/htdocs/Test/vendor/cakephp/cakephp/src/Database/Connection.php(388): Cake\Database\Connection->getSchemaCollection()
#8 /Users/carmen.buta/.bitnami/stackman/machines/xampp/volumes/root/htdocs/Test/vendor/cakephp/bake/src/Shell/Task/ModelTask.php(1034): Cake\Database\Connection->schemaCollection()
#9 /Users/carmen.buta/.bitnami/stackman/machines/xampp/volumes/root/htdocs/Test/vendor/cakephp/bake/src/Shell/Task/ModelTask.php(988): Bake\Shell\Task\ModelTask->_getAllTables()
#10 /Users/carmen.buta/.bitnami/stackman/machines/xampp/volumes/root/htdocs/Test/vendor/cakephp/bake/src/Shell/Task/ModelTask.php(212): Bake\Shell\Task\ModelTask->listAll()
#11 /Users/carmen.buta/.bitnami/stackman/machines/xampp/volumes/root/htdocs/Test/vendor/cakephp/bake/src/Shell/Task/ModelTask.php(130): Bake\Shell\Task\ModelTask->getAssociations(Object(Cake\ORM\Table))
#12 /Users/carmen.buta/.bitnami/stackman/machines/xampp/volumes/root/htdocs/Test/vendor/cakephp/bake/src/Shell/Task/ModelTask.php(113): Bake\Shell\Task\ModelTask->getTableContext(Object(Cake\ORM\Table), 'bookmarks', 'Bookmarks')
#13 /Users/carmen.buta/.bitnami/stackman/machines/xampp/volumes/root/htdocs/Test/vendor/cakephp/bake/src/Shell/Task/ModelTask.php(100): Bake\Shell\Task\ModelTask->bake('Bookmarks')
#14 /Users/carmen.buta/.bitnami/stackman/machines/xampp/volumes/root/htdocs/Test/vendor/cakephp/bake/src/Shell/BakeShell.php(264): Bake\Shell\Task\ModelTask->main('Bookmarks')
#15 /Users/carmen.buta/.bitnami/stackman/machines/xampp/volumes/root/htdocs/Test/vendor/cakephp/cakephp/src/Collection/CollectionTrait.php(51): Bake\Shell\BakeShell->Bake\Shell\{closure}('Bookmarks', 0)
#16 /Users/carmen.buta/.bitnami/stackman/machines/xampp/volumes/root/htdocs/Test/vendor/cakephp/bake/src/Shell/BakeShell.php(265): Cake\Collection\Collection->each(Object(Closure))
#17 /Users/carmen.buta/.bitnami/stackman/machines/xampp/volumes/root/htdocs/Test/vendor/cakephp/cakephp/src/Console/Shell.php(493): Bake\Shell\BakeShell->all('bookmarks')
#18 /Users/carmen.buta/.bitnami/stackman/machines/xampp/volumes/root/htdocs/Test/vendor/cakephp/cakephp/src/Console/CommandRunner.php(141): Cake\Console\Shell->runCommand(Array, true)
#19 /Users/carmen.buta/.bitnami/stackman/machines/xampp/volumes/root/htdocs/Test/bin/cake.php(12): Cake\Console\CommandRunner->run(Array)
#20 {main}


