2017-12-12 10:38:22 Notice: Notice (8): Undefined variable: userData in [/var/www/cakeapp/src/Template/Articles/index.ctp, line 23]
Request URL: /articles
Referer URL: http://cakeapp.dev/
Client IP: 192.168.56.1
Trace:
Cake\Error\BaseErrorHandler::handleError() - CORE/src/Error/BaseErrorHandler.php, line 153
include - APP/Template/Articles/index.ctp, line 23
Cake\View\View::_evaluate() - CORE/src/View/View.php, line 1196
Cake\View\View::_render() - CORE/src/View/View.php, line 1157
Cake\View\View::render() - CORE/src/View/View.php, line 765
Cake\Controller\Controller::render() - CORE/src/Controller/Controller.php, line 623
Cake\Http\ActionDispatcher::_invoke() - CORE/src/Http/ActionDispatcher.php, line 125
Cake\Http\ActionDispatcher::dispatch() - CORE/src/Http/ActionDispatcher.php, line 93
Cake\Http\BaseApplication::__invoke() - CORE/src/Http/BaseApplication.php, line 108
Cake\Http\Runner::__invoke() - CORE/src/Http/Runner.php, line 65
Cake\Routing\Middleware\RoutingMiddleware::__invoke() - CORE/src/Routing/Middleware/RoutingMiddleware.php, line 104
Cake\Http\Runner::__invoke() - CORE/src/Http/Runner.php, line 65
Cake\Routing\Middleware\AssetMiddleware::__invoke() - CORE/src/Routing/Middleware/AssetMiddleware.php, line 88
Cake\Http\Runner::__invoke() - CORE/src/Http/Runner.php, line 65
Cake\Error\Middleware\ErrorHandlerMiddleware::__invoke() - CORE/src/Error/Middleware/ErrorHandlerMiddleware.php, line 96
Cake\Http\Runner::__invoke() - CORE/src/Http/Runner.php, line 65
Cake\Http\Runner::run() - CORE/src/Http/Runner.php, line 51
Cake\Http\Server::run() - CORE/src/Http/Server.php, line 81
[main] - ROOT/webroot/index.php, line 40



2017-12-12 10:38:22 Notice: Notice (8): Trying to get property of non-object in [/var/www/cakeapp/src/Template/Articles/index.ctp, line 23]
Request URL: /articles
Referer URL: http://cakeapp.dev/
Client IP: 192.168.56.1
Trace:
Cake\Error\BaseErrorHandler::handleError() - CORE/src/Error/BaseErrorHandler.php, line 153
include - APP/Template/Articles/index.ctp, line 23
Cake\View\View::_evaluate() - CORE/src/View/View.php, line 1196
Cake\View\View::_render() - CORE/src/View/View.php, line 1157
Cake\View\View::render() - CORE/src/View/View.php, line 765
Cake\Controller\Controller::render() - CORE/src/Controller/Controller.php, line 623
Cake\Http\ActionDispatcher::_invoke() - CORE/src/Http/ActionDispatcher.php, line 125
Cake\Http\ActionDispatcher::dispatch() - CORE/src/Http/ActionDispatcher.php, line 93
Cake\Http\BaseApplication::__invoke() - CORE/src/Http/BaseApplication.php, line 108
Cake\Http\Runner::__invoke() - CORE/src/Http/Runner.php, line 65
Cake\Routing\Middleware\RoutingMiddleware::__invoke() - CORE/src/Routing/Middleware/RoutingMiddleware.php, line 104
Cake\Http\Runner::__invoke() - CORE/src/Http/Runner.php, line 65
Cake\Routing\Middleware\AssetMiddleware::__invoke() - CORE/src/Routing/Middleware/AssetMiddleware.php, line 88
Cake\Http\Runner::__invoke() - CORE/src/Http/Runner.php, line 65
Cake\Error\Middleware\ErrorHandlerMiddleware::__invoke() - CORE/src/Error/Middleware/ErrorHandlerMiddleware.php, line 96
Cake\Http\Runner::__invoke() - CORE/src/Http/Runner.php, line 65
Cake\Http\Runner::run() - CORE/src/Http/Runner.php, line 51
Cake\Http\Server::run() - CORE/src/Http/Server.php, line 81
[main] - ROOT/webroot/index.php, line 40



2017-12-12 10:38:34 Notice: Notice (8): Undefined variable: userData in [/var/www/cakeapp/src/Template/Articles/index.ctp, line 23]
Request URL: /articles
Referer URL: http://cakeapp.dev/
Client IP: 192.168.56.1
Trace:
Cake\Error\BaseErrorHandler::handleError() - CORE/src/Error/BaseErrorHandler.php, line 153
include - APP/Template/Articles/index.ctp, line 23
Cake\View\View::_evaluate() - CORE/src/View/View.php, line 1196
Cake\View\View::_render() - CORE/src/View/View.php, line 1157
Cake\View\View::render() - CORE/src/View/View.php, line 765
Cake\Controller\Controller::render() - CORE/src/Controller/Controller.php, line 623
Cake\Http\ActionDispatcher::_invoke() - CORE/src/Http/ActionDispatcher.php, line 125
Cake\Http\ActionDispatcher::dispatch() - CORE/src/Http/ActionDispatcher.php, line 93
Cake\Http\BaseApplication::__invoke() - CORE/src/Http/BaseApplication.php, line 108
Cake\Http\Runner::__invoke() - CORE/src/Http/Runner.php, line 65
Cake\Routing\Middleware\RoutingMiddleware::__invoke() - CORE/src/Routing/Middleware/RoutingMiddleware.php, line 104
Cake\Http\Runner::__invoke() - CORE/src/Http/Runner.php, line 65
Cake\Routing\Middleware\AssetMiddleware::__invoke() - CORE/src/Routing/Middleware/AssetMiddleware.php, line 88
Cake\Http\Runner::__invoke() - CORE/src/Http/Runner.php, line 65
Cake\Error\Middleware\ErrorHandlerMiddleware::__invoke() - CORE/src/Error/Middleware/ErrorHandlerMiddleware.php, line 96
Cake\Http\Runner::__invoke() - CORE/src/Http/Runner.php, line 65
Cake\Http\Runner::run() - CORE/src/Http/Runner.php, line 51
Cake\Http\Server::run() - CORE/src/Http/Server.php, line 81
[main] - ROOT/webroot/index.php, line 40



2017-12-12 10:38:34 Notice: Notice (8): Trying to get property of non-object in [/var/www/cakeapp/src/Template/Articles/index.ctp, line 23]
Request URL: /articles
Referer URL: http://cakeapp.dev/
Client IP: 192.168.56.1
Trace:
Cake\Error\BaseErrorHandler::handleError() - CORE/src/Error/BaseErrorHandler.php, line 153
include - APP/Template/Articles/index.ctp, line 23
Cake\View\View::_evaluate() - CORE/src/View/View.php, line 1196
Cake\View\View::_render() - CORE/src/View/View.php, line 1157
Cake\View\View::render() - CORE/src/View/View.php, line 765
Cake\Controller\Controller::render() - CORE/src/Controller/Controller.php, line 623
Cake\Http\ActionDispatcher::_invoke() - CORE/src/Http/ActionDispatcher.php, line 125
Cake\Http\ActionDispatcher::dispatch() - CORE/src/Http/ActionDispatcher.php, line 93
Cake\Http\BaseApplication::__invoke() - CORE/src/Http/BaseApplication.php, line 108
Cake\Http\Runner::__invoke() - CORE/src/Http/Runner.php, line 65
Cake\Routing\Middleware\RoutingMiddleware::__invoke() - CORE/src/Routing/Middleware/RoutingMiddleware.php, line 104
Cake\Http\Runner::__invoke() - CORE/src/Http/Runner.php, line 65
Cake\Routing\Middleware\AssetMiddleware::__invoke() - CORE/src/Routing/Middleware/AssetMiddleware.php, line 88
Cake\Http\Runner::__invoke() - CORE/src/Http/Runner.php, line 65
Cake\Error\Middleware\ErrorHandlerMiddleware::__invoke() - CORE/src/Error/Middleware/ErrorHandlerMiddleware.php, line 96
Cake\Http\Runner::__invoke() - CORE/src/Http/Runner.php, line 65
Cake\Http\Runner::run() - CORE/src/Http/Runner.php, line 51
Cake\Http\Server::run() - CORE/src/Http/Server.php, line 81
[main] - ROOT/webroot/index.php, line 40



2017-12-12 13:53:34 Notice: Notice (8): Undefined index: users in [/var/www/cakeapp/vendor/cakephp/cakephp/src/Validation/ValidationRule.php, line 124]
Request URL: /users/add
Referer URL: http://cakeapp.dev/users/add
Client IP: 192.168.56.1
Trace:
Cake\Error\BaseErrorHandler::handleError() - CORE/src/Error/BaseErrorHandler.php, line 153
Cake\Validation\ValidationRule::process() - CORE/src/Validation/ValidationRule.php, line 124
Cake\Validation\Validator::_processRules() - CORE/src/Validation/Validator.php, line 1889
Cake\Validation\Validator::errors() - CORE/src/Validation/Validator.php, line 145
Cake\ORM\Marshaller::_validate() - CORE/src/ORM/Marshaller.php, line 255
Cake\ORM\Marshaller::merge() - CORE/src/ORM/Marshaller.php, line 557
Cake\ORM\Table::patchEntity() - CORE/src/ORM/Table.php, line 2508
App\Controller\UsersController::add() - APP/Controller/UsersController.php, line 33
Cake\Controller\Controller::invokeAction() - CORE/src/Controller/Controller.php, line 440
Cake\Http\ActionDispatcher::_invoke() - CORE/src/Http/ActionDispatcher.php, line 119
Cake\Http\ActionDispatcher::dispatch() - CORE/src/Http/ActionDispatcher.php, line 93
Cake\Http\BaseApplication::__invoke() - CORE/src/Http/BaseApplication.php, line 108
Cake\Http\Runner::__invoke() - CORE/src/Http/Runner.php, line 65
Cake\Routing\Middleware\RoutingMiddleware::__invoke() - CORE/src/Routing/Middleware/RoutingMiddleware.php, line 104
Cake\Http\Runner::__invoke() - CORE/src/Http/Runner.php, line 65
Cake\Routing\Middleware\AssetMiddleware::__invoke() - CORE/src/Routing/Middleware/AssetMiddleware.php, line 88
Cake\Http\Runner::__invoke() - CORE/src/Http/Runner.php, line 65
Cake\Error\Middleware\ErrorHandlerMiddleware::__invoke() - CORE/src/Error/Middleware/ErrorHandlerMiddleware.php, line 96
Cake\Http\Runner::__invoke() - CORE/src/Http/Runner.php, line 65
Cake\Http\Runner::run() - CORE/src/Http/Runner.php, line 51
Cake\Http\Server::run() - CORE/src/Http/Server.php, line 81
[main] - ROOT/webroot/index.php, line 40



2017-12-12 16:16:21 Notice: Notice (8): Array to string conversion in [/var/www/cakeapp/src/Template/Users/add.ctp, line 10]
Request URL: /users/add
Referer URL: http://cakeapp.dev/
Client IP: 192.168.56.1
Trace:
Cake\Error\BaseErrorHandler::handleError() - CORE/src/Error/BaseErrorHandler.php, line 153
include - APP/Template/Users/add.ctp, line 10
Cake\View\View::_evaluate() - CORE/src/View/View.php, line 1196
Cake\View\View::_render() - CORE/src/View/View.php, line 1157
Cake\View\View::render() - CORE/src/View/View.php, line 765
Cake\Controller\Controller::render() - CORE/src/Controller/Controller.php, line 623
Cake\Http\ActionDispatcher::_invoke() - CORE/src/Http/ActionDispatcher.php, line 125
Cake\Http\ActionDispatcher::dispatch() - CORE/src/Http/ActionDispatcher.php, line 93
Cake\Http\BaseApplication::__invoke() - CORE/src/Http/BaseApplication.php, line 108
Cake\Http\Runner::__invoke() - CORE/src/Http/Runner.php, line 65
Cake\Routing\Middleware\RoutingMiddleware::__invoke() - CORE/src/Routing/Middleware/RoutingMiddleware.php, line 104
Cake\Http\Runner::__invoke() - CORE/src/Http/Runner.php, line 65
Cake\Routing\Middleware\AssetMiddleware::__invoke() - CORE/src/Routing/Middleware/AssetMiddleware.php, line 88
Cake\Http\Runner::__invoke() - CORE/src/Http/Runner.php, line 65
Cake\Error\Middleware\ErrorHandlerMiddleware::__invoke() - CORE/src/Error/Middleware/ErrorHandlerMiddleware.php, line 96
Cake\Http\Runner::__invoke() - CORE/src/Http/Runner.php, line 65
Cake\Http\Runner::run() - CORE/src/Http/Runner.php, line 51
Cake\Http\Server::run() - CORE/src/Http/Server.php, line 81
[main] - ROOT/webroot/index.php, line 40



2017-12-13 09:46:36 Notice: Notice (8): Array to string conversion in [/var/www/cakeapp/vendor/cakephp/cakephp/src/View/StringTemplate.php, line 311]
Request URL: /
Referer URL: http://cakeapp.dev/
Client IP: 192.168.56.1
Trace:
Cake\Error\BaseErrorHandler::handleError() - CORE/src/Error/BaseErrorHandler.php, line 153
implode - [internal], line ??
Cake\View\StringTemplate::_formatAttribute() - CORE/src/View/StringTemplate.php, line 311
Cake\View\StringTemplate::formatAttributes() - CORE/src/View/StringTemplate.php, line 291
Cake\View\Helper\FormHelper::create() - CORE/src/View/Helper/FormHelper.php, line 469
include - APP/Template/Users/login.ctp, line 4
Cake\View\View::_evaluate() - CORE/src/View/View.php, line 1196
Cake\View\View::_render() - CORE/src/View/View.php, line 1157
Cake\View\View::render() - CORE/src/View/View.php, line 765
Cake\Controller\Controller::render() - CORE/src/Controller/Controller.php, line 623
Cake\Http\ActionDispatcher::_invoke() - CORE/src/Http/ActionDispatcher.php, line 125
Cake\Http\ActionDispatcher::dispatch() - CORE/src/Http/ActionDispatcher.php, line 93
Cake\Http\BaseApplication::__invoke() - CORE/src/Http/BaseApplication.php, line 108
Cake\Http\Runner::__invoke() - CORE/src/Http/Runner.php, line 65
Cake\Routing\Middleware\RoutingMiddleware::__invoke() - CORE/src/Routing/Middleware/RoutingMiddleware.php, line 104
Cake\Http\Runner::__invoke() - CORE/src/Http/Runner.php, line 65
Cake\Routing\Middleware\AssetMiddleware::__invoke() - CORE/src/Routing/Middleware/AssetMiddleware.php, line 88
Cake\Http\Runner::__invoke() - CORE/src/Http/Runner.php, line 65
Cake\Error\Middleware\ErrorHandlerMiddleware::__invoke() - CORE/src/Error/Middleware/ErrorHandlerMiddleware.php, line 96
Cake\Http\Runner::__invoke() - CORE/src/Http/Runner.php, line 65
Cake\Http\Runner::run() - CORE/src/Http/Runner.php, line 51
Cake\Http\Server::run() - CORE/src/Http/Server.php, line 81
[main] - ROOT/webroot/index.php, line 40



2017-12-13 09:46:36 Notice: Notice (8): Array to string conversion in [/var/www/cakeapp/vendor/cakephp/cakephp/src/View/StringTemplate.php, line 311]
Request URL: /
Referer URL: http://cakeapp.dev/
Client IP: 192.168.56.1
Trace:
Cake\Error\BaseErrorHandler::handleError() - CORE/src/Error/BaseErrorHandler.php, line 153
implode - [internal], line ??
Cake\View\StringTemplate::_formatAttribute() - CORE/src/View/StringTemplate.php, line 311
Cake\View\StringTemplate::formatAttributes() - CORE/src/View/StringTemplate.php, line 291
Cake\View\Helper\FormHelper::create() - CORE/src/View/Helper/FormHelper.php, line 469
include - APP/Template/Users/login.ctp, line 4
Cake\View\View::_evaluate() - CORE/src/View/View.php, line 1196
Cake\View\View::_render() - CORE/src/View/View.php, line 1157
Cake\View\View::render() - CORE/src/View/View.php, line 765
Cake\Controller\Controller::render() - CORE/src/Controller/Controller.php, line 623
Cake\Http\ActionDispatcher::_invoke() - CORE/src/Http/ActionDispatcher.php, line 125
Cake\Http\ActionDispatcher::dispatch() - CORE/src/Http/ActionDispatcher.php, line 93
Cake\Http\BaseApplication::__invoke() - CORE/src/Http/BaseApplication.php, line 108
Cake\Http\Runner::__invoke() - CORE/src/Http/Runner.php, line 65
Cake\Routing\Middleware\RoutingMiddleware::__invoke() - CORE/src/Routing/Middleware/RoutingMiddleware.php, line 104
Cake\Http\Runner::__invoke() - CORE/src/Http/Runner.php, line 65
Cake\Routing\Middleware\AssetMiddleware::__invoke() - CORE/src/Routing/Middleware/AssetMiddleware.php, line 88
Cake\Http\Runner::__invoke() - CORE/src/Http/Runner.php, line 65
Cake\Error\Middleware\ErrorHandlerMiddleware::__invoke() - CORE/src/Error/Middleware/ErrorHandlerMiddleware.php, line 96
Cake\Http\Runner::__invoke() - CORE/src/Http/Runner.php, line 65
Cake\Http\Runner::run() - CORE/src/Http/Runner.php, line 51
Cake\Http\Server::run() - CORE/src/Http/Server.php, line 81
[main] - ROOT/webroot/index.php, line 40



2017-12-13 09:46:36 Notice: Notice (8): Array to string conversion in [/var/www/cakeapp/vendor/cakephp/cakephp/src/View/StringTemplate.php, line 311]
Request URL: /
Referer URL: http://cakeapp.dev/
Client IP: 192.168.56.1
Trace:
Cake\Error\BaseErrorHandler::handleError() - CORE/src/Error/BaseErrorHandler.php, line 153
implode - [internal], line ??
Cake\View\StringTemplate::_formatAttribute() - CORE/src/View/StringTemplate.php, line 311
Cake\View\StringTemplate::formatAttributes() - CORE/src/View/StringTemplate.php, line 291
Cake\View\Helper\FormHelper::create() - CORE/src/View/Helper/FormHelper.php, line 469
include - APP/Template/Users/login.ctp, line 4
Cake\View\View::_evaluate() - CORE/src/View/View.php, line 1196
Cake\View\View::_render() - CORE/src/View/View.php, line 1157
Cake\View\View::render() - CORE/src/View/View.php, line 765
Cake\Controller\Controller::render() - CORE/src/Controller/Controller.php, line 623
Cake\Http\ActionDispatcher::_invoke() - CORE/src/Http/ActionDispatcher.php, line 125
Cake\Http\ActionDispatcher::dispatch() - CORE/src/Http/ActionDispatcher.php, line 93
Cake\Http\BaseApplication::__invoke() - CORE/src/Http/BaseApplication.php, line 108
Cake\Http\Runner::__invoke() - CORE/src/Http/Runner.php, line 65
Cake\Routing\Middleware\RoutingMiddleware::__invoke() - CORE/src/Routing/Middleware/RoutingMiddleware.php, line 104
Cake\Http\Runner::__invoke() - CORE/src/Http/Runner.php, line 65
Cake\Routing\Middleware\AssetMiddleware::__invoke() - CORE/src/Routing/Middleware/AssetMiddleware.php, line 88
Cake\Http\Runner::__invoke() - CORE/src/Http/Runner.php, line 65
Cake\Error\Middleware\ErrorHandlerMiddleware::__invoke() - CORE/src/Error/Middleware/ErrorHandlerMiddleware.php, line 96
Cake\Http\Runner::__invoke() - CORE/src/Http/Runner.php, line 65
Cake\Http\Runner::run() - CORE/src/Http/Runner.php, line 51
Cake\Http\Server::run() - CORE/src/Http/Server.php, line 81
[main] - ROOT/webroot/index.php, line 40



2017-12-13 09:46:36 Notice: Notice (8): Array to string conversion in [/var/www/cakeapp/vendor/cakephp/cakephp/src/View/StringTemplate.php, line 311]
Request URL: /
Referer URL: http://cakeapp.dev/
Client IP: 192.168.56.1
Trace:
Cake\Error\BaseErrorHandler::handleError() - CORE/src/Error/BaseErrorHandler.php, line 153
implode - [internal], line ??
Cake\View\StringTemplate::_formatAttribute() - CORE/src/View/StringTemplate.php, line 311
Cake\View\StringTemplate::formatAttributes() - CORE/src/View/StringTemplate.php, line 291
Cake\View\Helper\FormHelper::create() - CORE/src/View/Helper/FormHelper.php, line 469
include - APP/Template/Users/login.ctp, line 4
Cake\View\View::_evaluate() - CORE/src/View/View.php, line 1196
Cake\View\View::_render() - CORE/src/View/View.php, line 1157
Cake\View\View::render() - CORE/src/View/View.php, line 765
Cake\Controller\Controller::render() - CORE/src/Controller/Controller.php, line 623
Cake\Http\ActionDispatcher::_invoke() - CORE/src/Http/ActionDispatcher.php, line 125
Cake\Http\ActionDispatcher::dispatch() - CORE/src/Http/ActionDispatcher.php, line 93
Cake\Http\BaseApplication::__invoke() - CORE/src/Http/BaseApplication.php, line 108
Cake\Http\Runner::__invoke() - CORE/src/Http/Runner.php, line 65
Cake\Routing\Middleware\RoutingMiddleware::__invoke() - CORE/src/Routing/Middleware/RoutingMiddleware.php, line 104
Cake\Http\Runner::__invoke() - CORE/src/Http/Runner.php, line 65
Cake\Routing\Middleware\AssetMiddleware::__invoke() - CORE/src/Routing/Middleware/AssetMiddleware.php, line 88
Cake\Http\Runner::__invoke() - CORE/src/Http/Runner.php, line 65
Cake\Error\Middleware\ErrorHandlerMiddleware::__invoke() - CORE/src/Error/Middleware/ErrorHandlerMiddleware.php, line 96
Cake\Http\Runner::__invoke() - CORE/src/Http/Runner.php, line 65
Cake\Http\Runner::run() - CORE/src/Http/Runner.php, line 51
Cake\Http\Server::run() - CORE/src/Http/Server.php, line 81
[main] - ROOT/webroot/index.php, line 40



2017-12-13 09:46:36 Notice: Notice (8): Array to string conversion in [/var/www/cakeapp/vendor/cakephp/cakephp/src/View/StringTemplate.php, line 311]
Request URL: /
Referer URL: http://cakeapp.dev/
Client IP: 192.168.56.1
Trace:
Cake\Error\BaseErrorHandler::handleError() - CORE/src/Error/BaseErrorHandler.php, line 153
implode - [internal], line ??
Cake\View\StringTemplate::_formatAttribute() - CORE/src/View/StringTemplate.php, line 311
Cake\View\StringTemplate::formatAttributes() - CORE/src/View/StringTemplate.php, line 291
Cake\View\Helper\FormHelper::create() - CORE/src/View/Helper/FormHelper.php, line 469
include - APP/Template/Users/login.ctp, line 4
Cake\View\View::_evaluate() - CORE/src/View/View.php, line 1196
Cake\View\View::_render() - CORE/src/View/View.php, line 1157
Cake\View\View::render() - CORE/src/View/View.php, line 765
Cake\Controller\Controller::render() - CORE/src/Controller/Controller.php, line 623
Cake\Http\ActionDispatcher::_invoke() - CORE/src/Http/ActionDispatcher.php, line 125
Cake\Http\ActionDispatcher::dispatch() - CORE/src/Http/ActionDispatcher.php, line 93
Cake\Http\BaseApplication::__invoke() - CORE/src/Http/BaseApplication.php, line 108
Cake\Http\Runner::__invoke() - CORE/src/Http/Runner.php, line 65
Cake\Routing\Middleware\RoutingMiddleware::__invoke() - CORE/src/Routing/Middleware/RoutingMiddleware.php, line 104
Cake\Http\Runner::__invoke() - CORE/src/Http/Runner.php, line 65
Cake\Routing\Middleware\AssetMiddleware::__invoke() - CORE/src/Routing/Middleware/AssetMiddleware.php, line 88
Cake\Http\Runner::__invoke() - CORE/src/Http/Runner.php, line 65
Cake\Error\Middleware\ErrorHandlerMiddleware::__invoke() - CORE/src/Error/Middleware/ErrorHandlerMiddleware.php, line 96
Cake\Http\Runner::__invoke() - CORE/src/Http/Runner.php, line 65
Cake\Http\Runner::run() - CORE/src/Http/Runner.php, line 51
Cake\Http\Server::run() - CORE/src/Http/Server.php, line 81
[main] - ROOT/webroot/index.php, line 40



2017-12-13 10:05:21 Notice: Notice (8): Undefined variable: users in [/var/www/cakeapp/src/Template/Users/login.ctp, line 3]
Request URL: /
Referer URL: http://cakeapp.dev/
Client IP: 192.168.56.1
Trace:
Cake\Error\BaseErrorHandler::handleError() - CORE/src/Error/BaseErrorHandler.php, line 153
include - APP/Template/Users/login.ctp, line 3
Cake\View\View::_evaluate() - CORE/src/View/View.php, line 1196
Cake\View\View::_render() - CORE/src/View/View.php, line 1157
Cake\View\View::render() - CORE/src/View/View.php, line 765
Cake\Controller\Controller::render() - CORE/src/Controller/Controller.php, line 623
Cake\Http\ActionDispatcher::_invoke() - CORE/src/Http/ActionDispatcher.php, line 125
Cake\Http\ActionDispatcher::dispatch() - CORE/src/Http/ActionDispatcher.php, line 93
Cake\Http\BaseApplication::__invoke() - CORE/src/Http/BaseApplication.php, line 108
Cake\Http\Runner::__invoke() - CORE/src/Http/Runner.php, line 65
Cake\Routing\Middleware\RoutingMiddleware::__invoke() - CORE/src/Routing/Middleware/RoutingMiddleware.php, line 104
Cake\Http\Runner::__invoke() - CORE/src/Http/Runner.php, line 65
Cake\Routing\Middleware\AssetMiddleware::__invoke() - CORE/src/Routing/Middleware/AssetMiddleware.php, line 88
Cake\Http\Runner::__invoke() - CORE/src/Http/Runner.php, line 65
Cake\Error\Middleware\ErrorHandlerMiddleware::__invoke() - CORE/src/Error/Middleware/ErrorHandlerMiddleware.php, line 96
Cake\Http\Runner::__invoke() - CORE/src/Http/Runner.php, line 65
Cake\Http\Runner::run() - CORE/src/Http/Runner.php, line 51
Cake\Http\Server::run() - CORE/src/Http/Server.php, line 81
[main] - ROOT/webroot/index.php, line 40



2017-12-13 10:05:23 Notice: Notice (8): Undefined variable: users in [/var/www/cakeapp/src/Template/Users/login.ctp, line 3]
Request URL: /
Referer URL: http://cakeapp.dev/
Client IP: 192.168.56.1
Trace:
Cake\Error\BaseErrorHandler::handleError() - CORE/src/Error/BaseErrorHandler.php, line 153
include - APP/Template/Users/login.ctp, line 3
Cake\View\View::_evaluate() - CORE/src/View/View.php, line 1196
Cake\View\View::_render() - CORE/src/View/View.php, line 1157
Cake\View\View::render() - CORE/src/View/View.php, line 765
Cake\Controller\Controller::render() - CORE/src/Controller/Controller.php, line 623
Cake\Http\ActionDispatcher::_invoke() - CORE/src/Http/ActionDispatcher.php, line 125
Cake\Http\ActionDispatcher::dispatch() - CORE/src/Http/ActionDispatcher.php, line 93
Cake\Http\BaseApplication::__invoke() - CORE/src/Http/BaseApplication.php, line 108
Cake\Http\Runner::__invoke() - CORE/src/Http/Runner.php, line 65
Cake\Routing\Middleware\RoutingMiddleware::__invoke() - CORE/src/Routing/Middleware/RoutingMiddleware.php, line 104
Cake\Http\Runner::__invoke() - CORE/src/Http/Runner.php, line 65
Cake\Routing\Middleware\AssetMiddleware::__invoke() - CORE/src/Routing/Middleware/AssetMiddleware.php, line 88
Cake\Http\Runner::__invoke() - CORE/src/Http/Runner.php, line 65
Cake\Error\Middleware\ErrorHandlerMiddleware::__invoke() - CORE/src/Error/Middleware/ErrorHandlerMiddleware.php, line 96
Cake\Http\Runner::__invoke() - CORE/src/Http/Runner.php, line 65
Cake\Http\Runner::run() - CORE/src/Http/Runner.php, line 51
Cake\Http\Server::run() - CORE/src/Http/Server.php, line 81
[main] - ROOT/webroot/index.php, line 40



2017-12-13 10:06:07 Notice: Notice (8): Undefined variable: users in [/var/www/cakeapp/src/Template/Users/login.ctp, line 3]
Request URL: /
Referer URL: http://cakeapp.dev/
Client IP: 192.168.56.1
Trace:
Cake\Error\BaseErrorHandler::handleError() - CORE/src/Error/BaseErrorHandler.php, line 153
include - APP/Template/Users/login.ctp, line 3
Cake\View\View::_evaluate() - CORE/src/View/View.php, line 1196
Cake\View\View::_render() - CORE/src/View/View.php, line 1157
Cake\View\View::render() - CORE/src/View/View.php, line 765
Cake\Controller\Controller::render() - CORE/src/Controller/Controller.php, line 623
Cake\Http\ActionDispatcher::_invoke() - CORE/src/Http/ActionDispatcher.php, line 125
Cake\Http\ActionDispatcher::dispatch() - CORE/src/Http/ActionDispatcher.php, line 93
Cake\Http\BaseApplication::__invoke() - CORE/src/Http/BaseApplication.php, line 108
Cake\Http\Runner::__invoke() - CORE/src/Http/Runner.php, line 65
Cake\Routing\Middleware\RoutingMiddleware::__invoke() - CORE/src/Routing/Middleware/RoutingMiddleware.php, line 104
Cake\Http\Runner::__invoke() - CORE/src/Http/Runner.php, line 65
Cake\Routing\Middleware\AssetMiddleware::__invoke() - CORE/src/Routing/Middleware/AssetMiddleware.php, line 88
Cake\Http\Runner::__invoke() - CORE/src/Http/Runner.php, line 65
Cake\Error\Middleware\ErrorHandlerMiddleware::__invoke() - CORE/src/Error/Middleware/ErrorHandlerMiddleware.php, line 96
Cake\Http\Runner::__invoke() - CORE/src/Http/Runner.php, line 65
Cake\Http\Runner::run() - CORE/src/Http/Runner.php, line 51
Cake\Http\Server::run() - CORE/src/Http/Server.php, line 81
[main] - ROOT/webroot/index.php, line 40



2017-12-13 10:06:10 Notice: Notice (8): Undefined variable: users in [/var/www/cakeapp/src/Template/Users/login.ctp, line 3]
Request URL: /
Referer URL: http://cakeapp.dev/
Client IP: 192.168.56.1
Trace:
Cake\Error\BaseErrorHandler::handleError() - CORE/src/Error/BaseErrorHandler.php, line 153
include - APP/Template/Users/login.ctp, line 3
Cake\View\View::_evaluate() - CORE/src/View/View.php, line 1196
Cake\View\View::_render() - CORE/src/View/View.php, line 1157
Cake\View\View::render() - CORE/src/View/View.php, line 765
Cake\Controller\Controller::render() - CORE/src/Controller/Controller.php, line 623
Cake\Http\ActionDispatcher::_invoke() - CORE/src/Http/ActionDispatcher.php, line 125
Cake\Http\ActionDispatcher::dispatch() - CORE/src/Http/ActionDispatcher.php, line 93
Cake\Http\BaseApplication::__invoke() - CORE/src/Http/BaseApplication.php, line 108
Cake\Http\Runner::__invoke() - CORE/src/Http/Runner.php, line 65
Cake\Routing\Middleware\RoutingMiddleware::__invoke() - CORE/src/Routing/Middleware/RoutingMiddleware.php, line 104
Cake\Http\Runner::__invoke() - CORE/src/Http/Runner.php, line 65
Cake\Routing\Middleware\AssetMiddleware::__invoke() - CORE/src/Routing/Middleware/AssetMiddleware.php, line 88
Cake\Http\Runner::__invoke() - CORE/src/Http/Runner.php, line 65
Cake\Error\Middleware\ErrorHandlerMiddleware::__invoke() - CORE/src/Error/Middleware/ErrorHandlerMiddleware.php, line 96
Cake\Http\Runner::__invoke() - CORE/src/Http/Runner.php, line 65
Cake\Http\Runner::run() - CORE/src/Http/Runner.php, line 51
Cake\Http\Server::run() - CORE/src/Http/Server.php, line 81
[main] - ROOT/webroot/index.php, line 40



2017-12-13 10:06:35 Notice: Notice (8): Undefined variable: users in [/var/www/cakeapp/src/Template/Users/login.ctp, line 3]
Request URL: /
Referer URL: http://cakeapp.dev/
Client IP: 192.168.56.1
Trace:
Cake\Error\BaseErrorHandler::handleError() - CORE/src/Error/BaseErrorHandler.php, line 153
include - APP/Template/Users/login.ctp, line 3
Cake\View\View::_evaluate() - CORE/src/View/View.php, line 1196
Cake\View\View::_render() - CORE/src/View/View.php, line 1157
Cake\View\View::render() - CORE/src/View/View.php, line 765
Cake\Controller\Controller::render() - CORE/src/Controller/Controller.php, line 623
Cake\Http\ActionDispatcher::_invoke() - CORE/src/Http/ActionDispatcher.php, line 125
Cake\Http\ActionDispatcher::dispatch() - CORE/src/Http/ActionDispatcher.php, line 93
Cake\Http\BaseApplication::__invoke() - CORE/src/Http/BaseApplication.php, line 108
Cake\Http\Runner::__invoke() - CORE/src/Http/Runner.php, line 65
Cake\Routing\Middleware\RoutingMiddleware::__invoke() - CORE/src/Routing/Middleware/RoutingMiddleware.php, line 104
Cake\Http\Runner::__invoke() - CORE/src/Http/Runner.php, line 65
Cake\Routing\Middleware\AssetMiddleware::__invoke() - CORE/src/Routing/Middleware/AssetMiddleware.php, line 88
Cake\Http\Runner::__invoke() - CORE/src/Http/Runner.php, line 65
Cake\Error\Middleware\ErrorHandlerMiddleware::__invoke() - CORE/src/Error/Middleware/ErrorHandlerMiddleware.php, line 96
Cake\Http\Runner::__invoke() - CORE/src/Http/Runner.php, line 65
Cake\Http\Runner::run() - CORE/src/Http/Runner.php, line 51
Cake\Http\Server::run() - CORE/src/Http/Server.php, line 81
[main] - ROOT/webroot/index.php, line 40



2017-12-13 10:07:16 Notice: Notice (8): Undefined variable: users in [/var/www/cakeapp/src/Template/Users/login.ctp, line 3]
Request URL: /
Referer URL: http://cakeapp.dev/articles
Client IP: 192.168.56.1
Trace:
Cake\Error\BaseErrorHandler::handleError() - CORE/src/Error/BaseErrorHandler.php, line 153
include - APP/Template/Users/login.ctp, line 3
Cake\View\View::_evaluate() - CORE/src/View/View.php, line 1196
Cake\View\View::_render() - CORE/src/View/View.php, line 1157
Cake\View\View::render() - CORE/src/View/View.php, line 765
Cake\Controller\Controller::render() - CORE/src/Controller/Controller.php, line 623
Cake\Http\ActionDispatcher::_invoke() - CORE/src/Http/ActionDispatcher.php, line 125
Cake\Http\ActionDispatcher::dispatch() - CORE/src/Http/ActionDispatcher.php, line 93
Cake\Http\BaseApplication::__invoke() - CORE/src/Http/BaseApplication.php, line 108
Cake\Http\Runner::__invoke() - CORE/src/Http/Runner.php, line 65
Cake\Routing\Middleware\RoutingMiddleware::__invoke() - CORE/src/Routing/Middleware/RoutingMiddleware.php, line 104
Cake\Http\Runner::__invoke() - CORE/src/Http/Runner.php, line 65
Cake\Routing\Middleware\AssetMiddleware::__invoke() - CORE/src/Routing/Middleware/AssetMiddleware.php, line 88
Cake\Http\Runner::__invoke() - CORE/src/Http/Runner.php, line 65
Cake\Error\Middleware\ErrorHandlerMiddleware::__invoke() - CORE/src/Error/Middleware/ErrorHandlerMiddleware.php, line 96
Cake\Http\Runner::__invoke() - CORE/src/Http/Runner.php, line 65
Cake\Http\Runner::run() - CORE/src/Http/Runner.php, line 51
Cake\Http\Server::run() - CORE/src/Http/Server.php, line 81
[main] - ROOT/webroot/index.php, line 40



2017-12-13 10:10:29 Notice: Notice (8): Undefined variable: users in [/var/www/cakeapp/src/Template/Users/login.ctp, line 3]
Request URL: /
Referer URL: http://cakeapp.dev/articles
Client IP: 192.168.56.1
Trace:
Cake\Error\BaseErrorHandler::handleError() - CORE/src/Error/BaseErrorHandler.php, line 153
include - APP/Template/Users/login.ctp, line 3
Cake\View\View::_evaluate() - CORE/src/View/View.php, line 1196
Cake\View\View::_render() - CORE/src/View/View.php, line 1157
Cake\View\View::render() - CORE/src/View/View.php, line 765
Cake\Controller\Controller::render() - CORE/src/Controller/Controller.php, line 623
Cake\Http\ActionDispatcher::_invoke() - CORE/src/Http/ActionDispatcher.php, line 125
Cake\Http\ActionDispatcher::dispatch() - CORE/src/Http/ActionDispatcher.php, line 93
Cake\Http\BaseApplication::__invoke() - CORE/src/Http/BaseApplication.php, line 108
Cake\Http\Runner::__invoke() - CORE/src/Http/Runner.php, line 65
Cake\Routing\Middleware\RoutingMiddleware::__invoke() - CORE/src/Routing/Middleware/RoutingMiddleware.php, line 104
Cake\Http\Runner::__invoke() - CORE/src/Http/Runner.php, line 65
Cake\Routing\Middleware\AssetMiddleware::__invoke() - CORE/src/Routing/Middleware/AssetMiddleware.php, line 88
Cake\Http\Runner::__invoke() - CORE/src/Http/Runner.php, line 65
Cake\Error\Middleware\ErrorHandlerMiddleware::__invoke() - CORE/src/Error/Middleware/ErrorHandlerMiddleware.php, line 96
Cake\Http\Runner::__invoke() - CORE/src/Http/Runner.php, line 65
Cake\Http\Runner::run() - CORE/src/Http/Runner.php, line 51
Cake\Http\Server::run() - CORE/src/Http/Server.php, line 81
[main] - ROOT/webroot/index.php, line 40



2017-12-13 10:10:31 Notice: Notice (8): Undefined variable: users in [/var/www/cakeapp/src/Template/Users/login.ctp, line 3]
Request URL: /
Referer URL: http://cakeapp.dev/articles
Client IP: 192.168.56.1
Trace:
Cake\Error\BaseErrorHandler::handleError() - CORE/src/Error/BaseErrorHandler.php, line 153
include - APP/Template/Users/login.ctp, line 3
Cake\View\View::_evaluate() - CORE/src/View/View.php, line 1196
Cake\View\View::_render() - CORE/src/View/View.php, line 1157
Cake\View\View::render() - CORE/src/View/View.php, line 765
Cake\Controller\Controller::render() - CORE/src/Controller/Controller.php, line 623
Cake\Http\ActionDispatcher::_invoke() - CORE/src/Http/ActionDispatcher.php, line 125
Cake\Http\ActionDispatcher::dispatch() - CORE/src/Http/ActionDispatcher.php, line 93
Cake\Http\BaseApplication::__invoke() - CORE/src/Http/BaseApplication.php, line 108
Cake\Http\Runner::__invoke() - CORE/src/Http/Runner.php, line 65
Cake\Routing\Middleware\RoutingMiddleware::__invoke() - CORE/src/Routing/Middleware/RoutingMiddleware.php, line 104
Cake\Http\Runner::__invoke() - CORE/src/Http/Runner.php, line 65
Cake\Routing\Middleware\AssetMiddleware::__invoke() - CORE/src/Routing/Middleware/AssetMiddleware.php, line 88
Cake\Http\Runner::__invoke() - CORE/src/Http/Runner.php, line 65
Cake\Error\Middleware\ErrorHandlerMiddleware::__invoke() - CORE/src/Error/Middleware/ErrorHandlerMiddleware.php, line 96
Cake\Http\Runner::__invoke() - CORE/src/Http/Runner.php, line 65
Cake\Http\Runner::run() - CORE/src/Http/Runner.php, line 51
Cake\Http\Server::run() - CORE/src/Http/Server.php, line 81
[main] - ROOT/webroot/index.php, line 40



2017-12-13 10:11:35 Notice: Notice (8): Undefined variable: users in [/var/www/cakeapp/src/Template/Users/login.ctp, line 3]
Request URL: /
Referer URL: http://cakeapp.dev/articles
Client IP: 192.168.56.1
Trace:
Cake\Error\BaseErrorHandler::handleError() - CORE/src/Error/BaseErrorHandler.php, line 153
include - APP/Template/Users/login.ctp, line 3
Cake\View\View::_evaluate() - CORE/src/View/View.php, line 1196
Cake\View\View::_render() - CORE/src/View/View.php, line 1157
Cake\View\View::render() - CORE/src/View/View.php, line 765
Cake\Controller\Controller::render() - CORE/src/Controller/Controller.php, line 623
Cake\Http\ActionDispatcher::_invoke() - CORE/src/Http/ActionDispatcher.php, line 125
Cake\Http\ActionDispatcher::dispatch() - CORE/src/Http/ActionDispatcher.php, line 93
Cake\Http\BaseApplication::__invoke() - CORE/src/Http/BaseApplication.php, line 108
Cake\Http\Runner::__invoke() - CORE/src/Http/Runner.php, line 65
Cake\Routing\Middleware\RoutingMiddleware::__invoke() - CORE/src/Routing/Middleware/RoutingMiddleware.php, line 104
Cake\Http\Runner::__invoke() - CORE/src/Http/Runner.php, line 65
Cake\Routing\Middleware\AssetMiddleware::__invoke() - CORE/src/Routing/Middleware/AssetMiddleware.php, line 88
Cake\Http\Runner::__invoke() - CORE/src/Http/Runner.php, line 65
Cake\Error\Middleware\ErrorHandlerMiddleware::__invoke() - CORE/src/Error/Middleware/ErrorHandlerMiddleware.php, line 96
Cake\Http\Runner::__invoke() - CORE/src/Http/Runner.php, line 65
Cake\Http\Runner::run() - CORE/src/Http/Runner.php, line 51
Cake\Http\Server::run() - CORE/src/Http/Server.php, line 81
[main] - ROOT/webroot/index.php, line 40



2017-12-13 10:12:46 Notice: Notice (8): Undefined variable: users in [/var/www/cakeapp/src/Template/Users/login.ctp, line 3]
Request URL: /
Referer URL: http://cakeapp.dev/articles
Client IP: 192.168.56.1
Trace:
Cake\Error\BaseErrorHandler::handleError() - CORE/src/Error/BaseErrorHandler.php, line 153
include - APP/Template/Users/login.ctp, line 3
Cake\View\View::_evaluate() - CORE/src/View/View.php, line 1196
Cake\View\View::_render() - CORE/src/View/View.php, line 1157
Cake\View\View::render() - CORE/src/View/View.php, line 765
Cake\Controller\Controller::render() - CORE/src/Controller/Controller.php, line 623
Cake\Http\ActionDispatcher::_invoke() - CORE/src/Http/ActionDispatcher.php, line 125
Cake\Http\ActionDispatcher::dispatch() - CORE/src/Http/ActionDispatcher.php, line 93
Cake\Http\BaseApplication::__invoke() - CORE/src/Http/BaseApplication.php, line 108
Cake\Http\Runner::__invoke() - CORE/src/Http/Runner.php, line 65
Cake\Routing\Middleware\RoutingMiddleware::__invoke() - CORE/src/Routing/Middleware/RoutingMiddleware.php, line 104
Cake\Http\Runner::__invoke() - CORE/src/Http/Runner.php, line 65
Cake\Routing\Middleware\AssetMiddleware::__invoke() - CORE/src/Routing/Middleware/AssetMiddleware.php, line 88
Cake\Http\Runner::__invoke() - CORE/src/Http/Runner.php, line 65
Cake\Error\Middleware\ErrorHandlerMiddleware::__invoke() - CORE/src/Error/Middleware/ErrorHandlerMiddleware.php, line 96
Cake\Http\Runner::__invoke() - CORE/src/Http/Runner.php, line 65
Cake\Http\Runner::run() - CORE/src/Http/Runner.php, line 51
Cake\Http\Server::run() - CORE/src/Http/Server.php, line 81
[main] - ROOT/webroot/index.php, line 40



2017-12-13 10:12:48 Notice: Notice (8): Undefined variable: users in [/var/www/cakeapp/src/Template/Users/login.ctp, line 3]
Request URL: /
Referer URL: http://cakeapp.dev/articles
Client IP: 192.168.56.1
Trace:
Cake\Error\BaseErrorHandler::handleError() - CORE/src/Error/BaseErrorHandler.php, line 153
include - APP/Template/Users/login.ctp, line 3
Cake\View\View::_evaluate() - CORE/src/View/View.php, line 1196
Cake\View\View::_render() - CORE/src/View/View.php, line 1157
Cake\View\View::render() - CORE/src/View/View.php, line 765
Cake\Controller\Controller::render() - CORE/src/Controller/Controller.php, line 623
Cake\Http\ActionDispatcher::_invoke() - CORE/src/Http/ActionDispatcher.php, line 125
Cake\Http\ActionDispatcher::dispatch() - CORE/src/Http/ActionDispatcher.php, line 93
Cake\Http\BaseApplication::__invoke() - CORE/src/Http/BaseApplication.php, line 108
Cake\Http\Runner::__invoke() - CORE/src/Http/Runner.php, line 65
Cake\Routing\Middleware\RoutingMiddleware::__invoke() - CORE/src/Routing/Middleware/RoutingMiddleware.php, line 104
Cake\Http\Runner::__invoke() - CORE/src/Http/Runner.php, line 65
Cake\Routing\Middleware\AssetMiddleware::__invoke() - CORE/src/Routing/Middleware/AssetMiddleware.php, line 88
Cake\Http\Runner::__invoke() - CORE/src/Http/Runner.php, line 65
Cake\Error\Middleware\ErrorHandlerMiddleware::__invoke() - CORE/src/Error/Middleware/ErrorHandlerMiddleware.php, line 96
Cake\Http\Runner::__invoke() - CORE/src/Http/Runner.php, line 65
Cake\Http\Runner::run() - CORE/src/Http/Runner.php, line 51
Cake\Http\Server::run() - CORE/src/Http/Server.php, line 81
[main] - ROOT/webroot/index.php, line 40



2017-12-13 12:56:25 Notice: Notice (8): Array to string conversion in [/var/www/cakeapp/src/Template/Users/add.ctp, line 2]
Request URL: /users/add
Referer URL: http://cakeapp.dev/
Client IP: 192.168.56.1
Trace:
Cake\Error\BaseErrorHandler::handleError() - CORE/src/Error/BaseErrorHandler.php, line 153
include - APP/Template/Users/add.ctp, line 2
Cake\View\View::_evaluate() - CORE/src/View/View.php, line 1196
Cake\View\View::_render() - CORE/src/View/View.php, line 1157
Cake\View\View::render() - CORE/src/View/View.php, line 765
Cake\Controller\Controller::render() - CORE/src/Controller/Controller.php, line 623
Cake\Http\ActionDispatcher::_invoke() - CORE/src/Http/ActionDispatcher.php, line 125
Cake\Http\ActionDispatcher::dispatch() - CORE/src/Http/ActionDispatcher.php, line 93
Cake\Http\BaseApplication::__invoke() - CORE/src/Http/BaseApplication.php, line 108
Cake\Http\Runner::__invoke() - CORE/src/Http/Runner.php, line 65
Cake\Routing\Middleware\RoutingMiddleware::__invoke() - CORE/src/Routing/Middleware/RoutingMiddleware.php, line 104
Cake\Http\Runner::__invoke() - CORE/src/Http/Runner.php, line 65
Cake\Routing\Middleware\AssetMiddleware::__invoke() - CORE/src/Routing/Middleware/AssetMiddleware.php, line 88
Cake\Http\Runner::__invoke() - CORE/src/Http/Runner.php, line 65
Cake\Error\Middleware\ErrorHandlerMiddleware::__invoke() - CORE/src/Error/Middleware/ErrorHandlerMiddleware.php, line 96
Cake\Http\Runner::__invoke() - CORE/src/Http/Runner.php, line 65
Cake\Http\Runner::run() - CORE/src/Http/Runner.php, line 51
Cake\Http\Server::run() - CORE/src/Http/Server.php, line 81
[main] - ROOT/webroot/index.php, line 40



2017-12-14 09:46:10 Notice: Notice (8): Array to string conversion in [/var/www/cakeapp/src/Model/Table/UsersTable.php, line 37]
Request URL: /users/add
Referer URL: http://cakeapp.dev/users/add
Client IP: 192.168.56.1
Trace:
Cake\Error\BaseErrorHandler::handleError() - CORE/src/Error/BaseErrorHandler.php, line 153
App\Model\Table\UsersTable::checkDOB() - APP/Model/Table/UsersTable.php, line 37
Cake\Validation\ValidationRule::process() - CORE/src/Validation/ValidationRule.php, line 140
Cake\Validation\Validator::_processRules() - CORE/src/Validation/Validator.php, line 1889
Cake\Validation\Validator::errors() - CORE/src/Validation/Validator.php, line 145
Cake\ORM\Marshaller::_validate() - CORE/src/ORM/Marshaller.php, line 255
Cake\ORM\Marshaller::merge() - CORE/src/ORM/Marshaller.php, line 557
Cake\ORM\Table::patchEntity() - CORE/src/ORM/Table.php, line 2508
App\Controller\UsersController::add() - APP/Controller/UsersController.php, line 34
Cake\Controller\Controller::invokeAction() - CORE/src/Controller/Controller.php, line 440
Cake\Http\ActionDispatcher::_invoke() - CORE/src/Http/ActionDispatcher.php, line 119
Cake\Http\ActionDispatcher::dispatch() - CORE/src/Http/ActionDispatcher.php, line 93
Cake\Http\BaseApplication::__invoke() - CORE/src/Http/BaseApplication.php, line 108
Cake\Http\Runner::__invoke() - CORE/src/Http/Runner.php, line 65
Cake\Routing\Middleware\RoutingMiddleware::__invoke() - CORE/src/Routing/Middleware/RoutingMiddleware.php, line 104
Cake\Http\Runner::__invoke() - CORE/src/Http/Runner.php, line 65
Cake\Routing\Middleware\AssetMiddleware::__invoke() - CORE/src/Routing/Middleware/AssetMiddleware.php, line 88
Cake\Http\Runner::__invoke() - CORE/src/Http/Runner.php, line 65
Cake\Error\Middleware\ErrorHandlerMiddleware::__invoke() - CORE/src/Error/Middleware/ErrorHandlerMiddleware.php, line 96
Cake\Http\Runner::__invoke() - CORE/src/Http/Runner.php, line 65
Cake\Http\Runner::run() - CORE/src/Http/Runner.php, line 51
Cake\Http\Server::run() - CORE/src/Http/Server.php, line 81
[main] - ROOT/webroot/index.php, line 40



